  [1m[35m (3.8ms)[0m  [1m[34mSELECT sqlite_version(*)[0m
  [1m[35m (4.5ms)[0m  [1m[35mCREATE TABLE "schema_migrations" ("version" varchar NOT NULL PRIMARY KEY)[0m
  [1m[35m (1.6ms)[0m  [1m[35mCREATE TABLE "ar_internal_metadata" ("key" varchar NOT NULL PRIMARY KEY, "value" varchar, "created_at" datetime(6) NOT NULL, "updated_at" datetime(6) NOT NULL)[0m
  [1m[35m (0.3ms)[0m  [1m[34mSELECT "schema_migrations"."version" FROM "schema_migrations" ORDER BY "schema_migrations"."version" ASC[0m
Migrating to CreateProducts (20220117212501)
  [1m[36mTRANSACTION (0.2ms)[0m  [1m[36mbegin transaction[0m
  [1m[35m (1.4ms)[0m  [1m[35mCREATE TABLE "products" ("id" integer PRIMARY KEY AUTOINCREMENT NOT NULL, "name" varchar, "description" varchar, "quantity" integer, "created_at" datetime(6) NOT NULL, "updated_at" datetime(6) NOT NULL)[0m
  [1m[36mActiveRecord::SchemaMigration Create (0.3ms)[0m  [1m[32mINSERT INTO "schema_migrations" ("version") VALUES (?)[0m  [["version", "20220117212501"]]
  [1m[36mTRANSACTION (2.9ms)[0m  [1m[36mcommit transaction[0m
  [1m[36mActiveRecord::InternalMetadata Load (0.3ms)[0m  [1m[34mSELECT "ar_internal_metadata".* FROM "ar_internal_metadata" WHERE "ar_internal_metadata"."key" = ? LIMIT ?[0m  [["key", "environment"], ["LIMIT", 1]]
  [1m[36mTRANSACTION (0.1ms)[0m  [1m[36mbegin transaction[0m
  [1m[36mActiveRecord::InternalMetadata Create (0.6ms)[0m  [1m[32mINSERT INTO "ar_internal_metadata" ("key", "value", "created_at", "updated_at") VALUES (?, ?, ?, ?)[0m  [["key", "environment"], ["value", "development"], ["created_at", "2022-01-17 21:27:15.040417"], ["updated_at", "2022-01-17 21:27:15.040417"]]
  [1m[36mTRANSACTION (2.9ms)[0m  [1m[36mcommit transaction[0m
  [1m[35m (0.1ms)[0m  [1m[34mSELECT sqlite_version(*)[0m
  [1m[35m (0.2ms)[0m  [1m[34mSELECT "schema_migrations"."version" FROM "schema_migrations" ORDER BY "schema_migrations"."version" ASC[0m
Started GET "/products" for ::1 at 2022-01-17 13:28:08 -0800
  [1m[35m (6.0ms)[0m  [1m[34mSELECT sqlite_version(*)[0m
  [1m[35m (2.5ms)[0m  [1m[34mSELECT "schema_migrations"."version" FROM "schema_migrations" ORDER BY "schema_migrations"."version" ASC[0m
Processing by ProductsController#index as HTML
  [1m[36mProduct Load (2.3ms)[0m  [1m[34mSELECT "products".* FROM "products"[0m
  ↳ app/controllers/products_controller.rb:4:in `index'
Completed 200 OK in 39ms (Views: 4.6ms | ActiveRecord: 2.3ms | Allocations: 4263)


  [1m[35m (4.4ms)[0m  [1m[34mSELECT sqlite_version(*)[0m
  [1m[36mTRANSACTION (0.2ms)[0m  [1m[36mbegin transaction[0m
  [1m[36mProduct Create (3.4ms)[0m  [1m[32mINSERT INTO "products" ("name", "description", "quantity", "created_at", "updated_at") VALUES (?, ?, ?, ?, ?)[0m  [["name", "shirt"], ["description", "It goes on top"], ["quantity", 30], ["created_at", "2022-01-17 21:30:04.442745"], ["updated_at", "2022-01-17 21:30:04.442745"]]
  [1m[36mTRANSACTION (3.3ms)[0m  [1m[36mcommit transaction[0m
  [1m[36mProduct Load (0.4ms)[0m  [1m[34mSELECT "products".* FROM "products" /* loading for inspect */ LIMIT ?[0m  [["LIMIT", 11]]
Started GET "/products" for ::1 at 2022-01-17 13:30:24 -0800
Processing by ProductsController#index as HTML
  [1m[36mProduct Load (6.2ms)[0m  [1m[34mSELECT "products".* FROM "products"[0m
  ↳ app/controllers/products_controller.rb:4:in `index'
Completed 200 OK in 50ms (Views: 33.0ms | ActiveRecord: 10.4ms | Allocations: 4568)


